<?xml version="1.0" encoding="UTF-8"?>
<!-- Generated by org.testng.reporters.JUnitReportReporter -->
<testsuite skipped="0" hostname="Deepak-PC" name="testngannotationsequence.AnnotationsTest" tests="1" failures="0" timestamp="2020-02-12T21:35:04 IST" time="0.010" errors="0">
  <testcase name="first" time="0.010" classname="testngannotationsequence.AnnotationsTest"/>
</testsuite> <!-- testngannotationsequence.AnnotationsTest -->
