<?xml version="1.0" encoding="UTF-8"?>
<!-- Generated by org.testng.reporters.JUnitReportReporter -->
<testsuite skipped="0" hostname="Deepak-PC" name="com.maventestjenkins.LaunchBroweser" tests="2" failures="0" timestamp="2019-12-16T21:33:18 IST" time="84.722" errors="0">
  <testcase name="chromeBroweser" time="30.239" classname="com.maventestjenkins.LaunchBroweser"/>
  <testcase name="firefoxBroweser" time="54.483" classname="com.maventestjenkins.LaunchBroweser"/>
</testsuite> <!-- com.maventestjenkins.LaunchBroweser -->
