<?xml version="1.0" encoding="UTF-8"?>
<!-- Generated by org.testng.reporters.JUnitReportReporter -->
<testsuite skipped="2" hostname="Deepak-PC" name="com.maventestjenkins.ParallelExecutionMultiBrowser" tests="2" failures="0" timestamp="2020-02-12T21:33:57 IST" time="0.000" errors="0">
  <testcase name="firefoxBroweser" time="0.000" classname="com.maventestjenkins.ParallelExecutionMultiBrowser">
    <skipped/>
  </testcase> <!-- firefoxBroweser -->
  <testcase name="chromeBroweser" time="0.000" classname="com.maventestjenkins.ParallelExecutionMultiBrowser">
    <skipped/>
  </testcase> <!-- chromeBroweser -->
</testsuite> <!-- com.maventestjenkins.ParallelExecutionMultiBrowser -->
