<?xml version="1.0" encoding="UTF-8"?>
<!-- Generated by org.testng.reporters.JUnitReportReporter -->
<testsuite skipped="2" hostname="Deepak-PC" name="com.maventestjenkins.TestJenkinsMaven" tests="2" failures="0" timestamp="2020-02-12T21:20:08 IST" time="0.000" errors="0">
  <testcase name="mulNumber" time="0.000" classname="com.maventestjenkins.TestJenkinsMaven">
    <skipped/>
  </testcase> <!-- mulNumber -->
  <testcase name="sumNumber" time="0.000" classname="com.maventestjenkins.TestJenkinsMaven">
    <skipped/>
  </testcase> <!-- sumNumber -->
</testsuite> <!-- com.maventestjenkins.TestJenkinsMaven -->
