<?xml version="1.0" encoding="UTF-8"?>
<!-- Generated by org.testng.reporters.JUnitReportReporter -->
<testsuite skipped="2" hostname="Deepak-PC" name="com.maventestjenkins.TestJenkinsClass2" tests="2" failures="0" timestamp="2020-02-12T21:20:08 IST" time="0.000" errors="0">
  <testcase name="testJenkinsThree" time="0.000" classname="com.maventestjenkins.TestJenkinsClass2">
    <skipped/>
  </testcase> <!-- testJenkinsThree -->
  <testcase name="testJenkinsTwo" time="0.000" classname="com.maventestjenkins.TestJenkinsClass2">
    <skipped/>
  </testcase> <!-- testJenkinsTwo -->
</testsuite> <!-- com.maventestjenkins.TestJenkinsClass2 -->
