<?xml version="1.0" encoding="UTF-8"?>
<!-- Generated by org.testng.reporters.JUnitReportReporter -->
<testsuite skipped="0" hostname="Deepak-PC" name="com.maventestjenkins.ParallelExecutionMultiBrowserTwo" tests="2" failures="0" timestamp="2020-02-13T22:17:44 IST" time="10.287" errors="0">
  <testcase name="multiBrowserDemo" time="3.945" classname="com.maventestjenkins.ParallelExecutionMultiBrowserTwo"/>
  <testcase name="multiBrowserDemo" time="6.342" classname="com.maventestjenkins.ParallelExecutionMultiBrowserTwo"/>
</testsuite> <!-- com.maventestjenkins.ParallelExecutionMultiBrowserTwo -->
